<?xml version="1.0" encoding="UTF-8"?>
<testng-results ignored="0" total="1" passed="1" failed="0" skipped="0">
  <reporter-output>
  </reporter-output>
  <suite started-at="2018-06-06T06:42:14Z" name="Default suite" finished-at="2018-06-06T06:42:17Z" duration-ms="2825">
    <groups>
    </groups>
    <test started-at="2018-06-06T06:42:14Z" name="Default test" finished-at="2018-06-06T06:42:17Z" duration-ms="2825">
      <class name="TestingOS.RunOS.AppTest">
        <test-method signature="testApp()[pri:0, instance:TestingOS.RunOS.AppTest@548e6d58]" started-at="2018-06-06T06:42:14Z" name="testApp" finished-at="2018-06-06T06:42:17Z" duration-ms="2805" status="PASS">
          <reporter-output>
          </reporter-output>
        </test-method> <!-- testApp -->
      </class> <!-- TestingOS.RunOS.AppTest -->
    </test> <!-- Default test -->
  </suite> <!-- Default suite -->
</testng-results>
